<?xml version="1.0" encoding="UTF-8"?><testsuite errors="0" failures="0" name="com.submissions.serenity.features.search.SearchByKeywordStory" skipped="1" tests="3" time="17.74" timestamp="2018-07-10T10:56:35.797611100-06:00[America/Denver]"><testcase classname="com.submissions.serenity.features.search.SearchByKeywordStory" name="Searching by keyword banana should display the corresponding article"/><testcase classname="com.submissions.serenity.features.search.SearchByKeywordStory" name="Searching by ambiguious keyword should display the disambiguation page"><skipped/></testcase><testcase classname="com.submissions.serenity.features.search.SearchByKeywordStory" name="Searching by keyword apple should display the corresponding article"/></testsuite>